{
  "/home/nikanoza/Desktop/work/folksoul-front-nikanoza/src/assets/index.ts": {
    "path": "/home/nikanoza/Desktop/work/folksoul-front-nikanoza/src/assets/index.ts",
    "statementMap": {},
    "fnMap": {},
    "branchMap": {},
    "s": {},
    "f": {},
    "b": {},
    "_coverageSchema": "1a1c01bbd47fc00a2c39e90264f33305004495a9",
    "hash": "56960cabc20b4889046b6ff646ffd849ad15766b"
  },
  "/home/nikanoza/Desktop/work/folksoul-front-nikanoza/src/pages/Home/components/Planet.tsx": {
    "path": "/home/nikanoza/Desktop/work/folksoul-front-nikanoza/src/pages/Home/components/Planet.tsx",
    "statementMap": {
      "0": {
        "start": {
          "line": 10,
          "column": 5
        },
        "end": {
          "line": 57,
          "column": 1
        }
      },
      "1": {
        "start": {
          "line": 11,
          "column": 30
        },
        "end": {
          "line": 11,
          "column": 50
        }
      },
      "2": {
        "start": {
          "line": 13,
          "column": 31
        },
        "end": {
          "line": 15,
          "column": 3
        }
      },
      "3": {
        "start": {
          "line": 14,
          "column": 4
        },
        "end": {
          "line": 14,
          "column": 38
        }
      },
      "4": {
        "start": {
          "line": 17,
          "column": 26
        },
        "end": {
          "line": 23,
          "column": 3
        }
      },
      "5": {
        "start": {
          "line": 18,
          "column": 24
        },
        "end": {
          "line": 18,
          "column": 55
        }
      },
      "6": {
        "start": {
          "line": 20,
          "column": 24
        },
        "end": {
          "line": 20,
          "column": 53
        }
      },
      "7": {
        "start": {
          "line": 22,
          "column": 4
        },
        "end": {
          "line": 22,
          "column": 36
        }
      },
      "8": {
        "start": {
          "line": 25,
          "column": 2
        },
        "end": {
          "line": 28,
          "column": 9
        }
      },
      "9": {
        "start": {
          "line": 26,
          "column": 18
        },
        "end": {
          "line": 26,
          "column": 35
        }
      },
      "10": {
        "start": {
          "line": 27,
          "column": 4
        },
        "end": {
          "line": 27,
          "column": 21
        }
      },
      "11": {
        "start": {
          "line": 30,
          "column": 2
        },
        "end": {
          "line": 56,
          "column": 4
        }
      }
    },
    "fnMap": {
      "0": {
        "name": "(anonymous_0)",
        "decl": {
          "start": {
            "line": 10,
            "column": 5
          },
          "end": {
            "line": 10,
            "column": 6
          }
        },
        "loc": {
          "start": {
            "line": 10,
            "column": 16
          },
          "end": {
            "line": 57,
            "column": 1
          }
        },
        "line": 10
      },
      "1": {
        "name": "(anonymous_1)",
        "decl": {
          "start": {
            "line": 13,
            "column": 31
          },
          "end": {
            "line": 13,
            "column": 32
          }
        },
        "loc": {
          "start": {
            "line": 13,
            "column": 37
          },
          "end": {
            "line": 15,
            "column": 3
          }
        },
        "line": 13
      },
      "2": {
        "name": "(anonymous_2)",
        "decl": {
          "start": {
            "line": 17,
            "column": 26
          },
          "end": {
            "line": 17,
            "column": 27
          }
        },
        "loc": {
          "start": {
            "line": 17,
            "column": 32
          },
          "end": {
            "line": 23,
            "column": 3
          }
        },
        "line": 17
      },
      "3": {
        "name": "(anonymous_3)",
        "decl": {
          "start": {
            "line": 25,
            "column": 12
          },
          "end": {
            "line": 25,
            "column": 13
          }
        },
        "loc": {
          "start": {
            "line": 25,
            "column": 18
          },
          "end": {
            "line": 28,
            "column": 3
          }
        },
        "line": 25
      }
    },
    "branchMap": {
      "0": {
        "loc": {
          "start": {
            "line": 35,
            "column": 10
          },
          "end": {
            "line": 37,
            "column": 25
          }
        },
        "type": "cond-expr",
        "locations": [
          {
            "start": {
              "line": 36,
              "column": 14
            },
            "end": {
              "line": 36,
              "column": 25
            }
          },
          {
            "start": {
              "line": 37,
              "column": 14
            },
            "end": {
              "line": 37,
              "column": 25
            }
          }
        ],
        "line": 35
      }
    },
    "s": {
      "0": 93,
      "1": 280,
      "2": 280,
      "3": 1,
      "4": 280,
      "5": 50,
      "6": 50,
      "7": 50,
      "8": 280,
      "9": 50,
      "10": 50,
      "11": 280
    },
    "f": {
      "0": 280,
      "1": 1,
      "2": 50,
      "3": 50
    },
    "b": {
      "0": [
        2,
        278
      ]
    },
    "_coverageSchema": "1a1c01bbd47fc00a2c39e90264f33305004495a9",
    "hash": "d1d906fee1dda6b8b63ca14835b201a764fbede3"
  },
  "/home/nikanoza/Desktop/work/folksoul-front-nikanoza/src/pages/Home/components/index.ts": {
    "path": "/home/nikanoza/Desktop/work/folksoul-front-nikanoza/src/pages/Home/components/index.ts",
    "statementMap": {},
    "fnMap": {},
    "branchMap": {},
    "s": {},
    "f": {},
    "b": {},
    "_coverageSchema": "1a1c01bbd47fc00a2c39e90264f33305004495a9",
    "hash": "51d36d304791307a6ad09d8237276f3736662c86"
  },
  "/home/nikanoza/Desktop/work/folksoul-front-nikanoza/src/store/slices/band-slice.ts": {
    "path": "/home/nikanoza/Desktop/work/folksoul-front-nikanoza/src/store/slices/band-slice.ts",
    "statementMap": {
      "0": {
        "start": {
          "line": 4,
          "column": 43
        },
        "end": {
          "line": 10,
          "column": 1
        }
      },
      "1": {
        "start": {
          "line": 12,
          "column": 18
        },
        "end": {
          "line": 20,
          "column": 2
        }
      },
      "2": {
        "start": {
          "line": 17,
          "column": 6
        },
        "end": {
          "line": 17,
          "column": 34
        }
      },
      "3": {
        "start": {
          "line": 22,
          "column": 27
        },
        "end": {
          "line": 22,
          "column": 44
        }
      },
      "4": {
        "start": {
          "line": 23,
          "column": 27
        },
        "end": {
          "line": 23,
          "column": 44
        }
      }
    },
    "fnMap": {
      "0": {
        "name": "(anonymous_0)",
        "decl": {
          "start": {
            "line": 16,
            "column": 16
          },
          "end": {
            "line": 16,
            "column": 17
          }
        },
        "loc": {
          "start": {
            "line": 16,
            "column": 62
          },
          "end": {
            "line": 18,
            "column": 5
          }
        },
        "line": 16
      }
    },
    "branchMap": {},
    "s": {
      "0": 93,
      "1": 93,
      "2": 179,
      "3": 93,
      "4": 93
    },
    "f": {
      "0": 179
    },
    "b": {},
    "_coverageSchema": "1a1c01bbd47fc00a2c39e90264f33305004495a9",
    "hash": "d08adebb33e1235dfdc904c4b8acab35df5070a1"
  },
  "/home/nikanoza/Desktop/work/folksoul-front-nikanoza/src/store/slices/members-slice.ts": {
    "path": "/home/nikanoza/Desktop/work/folksoul-front-nikanoza/src/store/slices/members-slice.ts",
    "statementMap": {
      "0": {
        "start": {
          "line": 4,
          "column": 44
        },
        "end": {
          "line": 6,
          "column": 1
        }
      },
      "1": {
        "start": {
          "line": 8,
          "column": 21
        },
        "end": {
          "line": 36,
          "column": 2
        }
      },
      "2": {
        "start": {
          "line": 13,
          "column": 6
        },
        "end": {
          "line": 13,
          "column": 37
        }
      },
      "3": {
        "start": {
          "line": 16,
          "column": 6
        },
        "end": {
          "line": 16,
          "column": 41
        }
      },
      "4": {
        "start": {
          "line": 19,
          "column": 24
        },
        "end": {
          "line": 19,
          "column": 45
        }
      },
      "5": {
        "start": {
          "line": 20,
          "column": 26
        },
        "end": {
          "line": 22,
          "column": 7
        }
      },
      "6": {
        "start": {
          "line": 21,
          "column": 20
        },
        "end": {
          "line": 21,
          "column": 51
        }
      },
      "7": {
        "start": {
          "line": 23,
          "column": 36
        },
        "end": {
          "line": 23,
          "column": 57
        }
      },
      "8": {
        "start": {
          "line": 24,
          "column": 6
        },
        "end": {
          "line": 24,
          "column": 45
        }
      },
      "9": {
        "start": {
          "line": 25,
          "column": 6
        },
        "end": {
          "line": 25,
          "column": 32
        }
      },
      "10": {
        "start": {
          "line": 28,
          "column": 26
        },
        "end": {
          "line": 30,
          "column": 7
        }
      },
      "11": {
        "start": {
          "line": 29,
          "column": 20
        },
        "end": {
          "line": 29,
          "column": 48
        }
      },
      "12": {
        "start": {
          "line": 31,
          "column": 24
        },
        "end": {
          "line": 31,
          "column": 45
        }
      },
      "13": {
        "start": {
          "line": 32,
          "column": 6
        },
        "end": {
          "line": 32,
          "column": 39
        }
      },
      "14": {
        "start": {
          "line": 33,
          "column": 6
        },
        "end": {
          "line": 33,
          "column": 32
        }
      },
      "15": {
        "start": {
          "line": 38,
          "column": 30
        },
        "end": {
          "line": 38,
          "column": 50
        }
      },
      "16": {
        "start": {
          "line": 39,
          "column": 30
        },
        "end": {
          "line": 39,
          "column": 50
        }
      }
    },
    "fnMap": {
      "0": {
        "name": "(anonymous_0)",
        "decl": {
          "start": {
            "line": 12,
            "column": 19
          },
          "end": {
            "line": 12,
            "column": 20
          }
        },
        "loc": {
          "start": {
            "line": 12,
            "column": 63
          },
          "end": {
            "line": 14,
            "column": 5
          }
        },
        "line": 12
      },
      "1": {
        "name": "(anonymous_1)",
        "decl": {
          "start": {
            "line": 15,
            "column": 15
          },
          "end": {
            "line": 15,
            "column": 16
          }
        },
        "loc": {
          "start": {
            "line": 15,
            "column": 57
          },
          "end": {
            "line": 17,
            "column": 5
          }
        },
        "line": 15
      },
      "2": {
        "name": "(anonymous_2)",
        "decl": {
          "start": {
            "line": 18,
            "column": 18
          },
          "end": {
            "line": 18,
            "column": 19
          }
        },
        "loc": {
          "start": {
            "line": 18,
            "column": 60
          },
          "end": {
            "line": 26,
            "column": 5
          }
        },
        "line": 18
      },
      "3": {
        "name": "(anonymous_3)",
        "decl": {
          "start": {
            "line": 21,
            "column": 8
          },
          "end": {
            "line": 21,
            "column": 9
          }
        },
        "loc": {
          "start": {
            "line": 21,
            "column": 20
          },
          "end": {
            "line": 21,
            "column": 51
          }
        },
        "line": 21
      },
      "4": {
        "name": "(anonymous_4)",
        "decl": {
          "start": {
            "line": 27,
            "column": 18
          },
          "end": {
            "line": 27,
            "column": 19
          }
        },
        "loc": {
          "start": {
            "line": 27,
            "column": 60
          },
          "end": {
            "line": 34,
            "column": 5
          }
        },
        "line": 27
      },
      "5": {
        "name": "(anonymous_5)",
        "decl": {
          "start": {
            "line": 29,
            "column": 8
          },
          "end": {
            "line": 29,
            "column": 9
          }
        },
        "loc": {
          "start": {
            "line": 29,
            "column": 20
          },
          "end": {
            "line": 29,
            "column": 48
          }
        },
        "line": 29
      }
    },
    "branchMap": {},
    "s": {
      "0": 93,
      "1": 93,
      "2": 187,
      "3": 1,
      "4": 2,
      "5": 2,
      "6": 2,
      "7": 2,
      "8": 2,
      "9": 2,
      "10": 2,
      "11": 4,
      "12": 2,
      "13": 2,
      "14": 2,
      "15": 93,
      "16": 93
    },
    "f": {
      "0": 187,
      "1": 1,
      "2": 2,
      "3": 2,
      "4": 2,
      "5": 4
    },
    "b": {},
    "_coverageSchema": "1a1c01bbd47fc00a2c39e90264f33305004495a9",
    "hash": "3cbf735c9958ecfd286115361b98bc927dd3f74b"
  },
  "/home/nikanoza/Desktop/work/folksoul-front-nikanoza/src/store/slices/social-links-slice.ts": {
    "path": "/home/nikanoza/Desktop/work/folksoul-front-nikanoza/src/store/slices/social-links-slice.ts",
    "statementMap": {
      "0": {
        "start": {
          "line": 4,
          "column": 40
        },
        "end": {
          "line": 6,
          "column": 1
        }
      },
      "1": {
        "start": {
          "line": 8,
          "column": 19
        },
        "end": {
          "line": 36,
          "column": 2
        }
      },
      "2": {
        "start": {
          "line": 13,
          "column": 6
        },
        "end": {
          "line": 13,
          "column": 35
        }
      },
      "3": {
        "start": {
          "line": 16,
          "column": 6
        },
        "end": {
          "line": 16,
          "column": 39
        }
      },
      "4": {
        "start": {
          "line": 19,
          "column": 24
        },
        "end": {
          "line": 19,
          "column": 43
        }
      },
      "5": {
        "start": {
          "line": 20,
          "column": 24
        },
        "end": {
          "line": 22,
          "column": 7
        }
      },
      "6": {
        "start": {
          "line": 21,
          "column": 18
        },
        "end": {
          "line": 21,
          "column": 47
        }
      },
      "7": {
        "start": {
          "line": 23,
          "column": 32
        },
        "end": {
          "line": 23,
          "column": 53
        }
      },
      "8": {
        "start": {
          "line": 24,
          "column": 6
        },
        "end": {
          "line": 24,
          "column": 41
        }
      },
      "9": {
        "start": {
          "line": 25,
          "column": 6
        },
        "end": {
          "line": 25,
          "column": 30
        }
      },
      "10": {
        "start": {
          "line": 28,
          "column": 24
        },
        "end": {
          "line": 28,
          "column": 43
        }
      },
      "11": {
        "start": {
          "line": 29,
          "column": 24
        },
        "end": {
          "line": 31,
          "column": 7
        }
      },
      "12": {
        "start": {
          "line": 30,
          "column": 18
        },
        "end": {
          "line": 30,
          "column": 44
        }
      },
      "13": {
        "start": {
          "line": 32,
          "column": 6
        },
        "end": {
          "line": 32,
          "column": 37
        }
      },
      "14": {
        "start": {
          "line": 33,
          "column": 6
        },
        "end": {
          "line": 33,
          "column": 30
        }
      },
      "15": {
        "start": {
          "line": 38,
          "column": 28
        },
        "end": {
          "line": 38,
          "column": 46
        }
      },
      "16": {
        "start": {
          "line": 39,
          "column": 28
        },
        "end": {
          "line": 39,
          "column": 46
        }
      }
    },
    "fnMap": {
      "0": {
        "name": "(anonymous_0)",
        "decl": {
          "start": {
            "line": 12,
            "column": 18
          },
          "end": {
            "line": 12,
            "column": 19
          }
        },
        "loc": {
          "start": {
            "line": 12,
            "column": 60
          },
          "end": {
            "line": 14,
            "column": 5
          }
        },
        "line": 12
      },
      "1": {
        "name": "(anonymous_1)",
        "decl": {
          "start": {
            "line": 15,
            "column": 16
          },
          "end": {
            "line": 15,
            "column": 17
          }
        },
        "loc": {
          "start": {
            "line": 15,
            "column": 56
          },
          "end": {
            "line": 17,
            "column": 5
          }
        },
        "line": 15
      },
      "2": {
        "name": "(anonymous_2)",
        "decl": {
          "start": {
            "line": 18,
            "column": 16
          },
          "end": {
            "line": 18,
            "column": 17
          }
        },
        "loc": {
          "start": {
            "line": 18,
            "column": 56
          },
          "end": {
            "line": 26,
            "column": 5
          }
        },
        "line": 18
      },
      "3": {
        "name": "(anonymous_3)",
        "decl": {
          "start": {
            "line": 21,
            "column": 8
          },
          "end": {
            "line": 21,
            "column": 9
          }
        },
        "loc": {
          "start": {
            "line": 21,
            "column": 18
          },
          "end": {
            "line": 21,
            "column": 47
          }
        },
        "line": 21
      },
      "4": {
        "name": "(anonymous_4)",
        "decl": {
          "start": {
            "line": 27,
            "column": 16
          },
          "end": {
            "line": 27,
            "column": 17
          }
        },
        "loc": {
          "start": {
            "line": 27,
            "column": 58
          },
          "end": {
            "line": 34,
            "column": 5
          }
        },
        "line": 27
      },
      "5": {
        "name": "(anonymous_5)",
        "decl": {
          "start": {
            "line": 30,
            "column": 8
          },
          "end": {
            "line": 30,
            "column": 9
          }
        },
        "loc": {
          "start": {
            "line": 30,
            "column": 18
          },
          "end": {
            "line": 30,
            "column": 44
          }
        },
        "line": 30
      }
    },
    "branchMap": {},
    "s": {
      "0": 93,
      "1": 93,
      "2": 182,
      "3": 0,
      "4": 0,
      "5": 0,
      "6": 0,
      "7": 0,
      "8": 0,
      "9": 0,
      "10": 0,
      "11": 0,
      "12": 0,
      "13": 0,
      "14": 0,
      "15": 93,
      "16": 93
    },
    "f": {
      "0": 182,
      "1": 0,
      "2": 0,
      "3": 0,
      "4": 0,
      "5": 0
    },
    "b": {},
    "_coverageSchema": "1a1c01bbd47fc00a2c39e90264f33305004495a9",
    "hash": "cb54eec3b5898d7276c6c8435575ec8b31f50c62"
  },
  "/home/nikanoza/Desktop/work/folksoul-front-nikanoza/src/store/slices/index.ts": {
    "path": "/home/nikanoza/Desktop/work/folksoul-front-nikanoza/src/store/slices/index.ts",
    "statementMap": {},
    "fnMap": {},
    "branchMap": {},
    "s": {},
    "f": {},
    "b": {},
    "_coverageSchema": "1a1c01bbd47fc00a2c39e90264f33305004495a9",
    "hash": "a476ec17e178e79e4a0f999474888c9b68a34bc2"
  },
  "/home/nikanoza/Desktop/work/folksoul-front-nikanoza/src/store/redux.ts": {
    "path": "/home/nikanoza/Desktop/work/folksoul-front-nikanoza/src/store/redux.ts",
    "statementMap": {
      "0": {
        "start": {
          "line": 4,
          "column": 20
        },
        "end": {
          "line": 8,
          "column": 2
        }
      },
      "1": {
        "start": {
          "line": 10,
          "column": 21
        },
        "end": {
          "line": 12,
          "column": 2
        }
      }
    },
    "fnMap": {},
    "branchMap": {},
    "s": {
      "0": 93,
      "1": 93
    },
    "f": {},
    "b": {},
    "_coverageSchema": "1a1c01bbd47fc00a2c39e90264f33305004495a9",
    "hash": "926b90bfebb27b1a7fb1b0a89e0c43390e28d7b8"
  },
  "/home/nikanoza/Desktop/work/folksoul-front-nikanoza/src/services/axios.ts": {
    "path": "/home/nikanoza/Desktop/work/folksoul-front-nikanoza/src/services/axios.ts",
    "statementMap": {
      "0": {
        "start": {
          "line": 3,
          "column": 17
        },
        "end": {
          "line": 9,
          "column": 2
        }
      }
    },
    "fnMap": {},
    "branchMap": {},
    "s": {
      "0": 93
    },
    "f": {},
    "b": {},
    "_coverageSchema": "1a1c01bbd47fc00a2c39e90264f33305004495a9",
    "hash": "aa5dda4f2045895ccb153f1d2cd73c38b7602516"
  },
  "/home/nikanoza/Desktop/work/folksoul-front-nikanoza/src/services/loginServices.ts": {
    "path": "/home/nikanoza/Desktop/work/folksoul-front-nikanoza/src/services/loginServices.ts",
    "statementMap": {
      "0": {
        "start": {
          "line": 4,
          "column": 21
        },
        "end": {
          "line": 6,
          "column": 1
        }
      },
      "1": {
        "start": {
          "line": 5,
          "column": 2
        },
        "end": {
          "line": 5,
          "column": 36
        }
      }
    },
    "fnMap": {
      "0": {
        "name": "(anonymous_0)",
        "decl": {
          "start": {
            "line": 4,
            "column": 21
          },
          "end": {
            "line": 4,
            "column": 22
          }
        },
        "loc": {
          "start": {
            "line": 4,
            "column": 48
          },
          "end": {
            "line": 6,
            "column": 1
          }
        },
        "line": 4
      }
    },
    "branchMap": {},
    "s": {
      "0": 93,
      "1": 31
    },
    "f": {
      "0": 31
    },
    "b": {},
    "_coverageSchema": "1a1c01bbd47fc00a2c39e90264f33305004495a9",
    "hash": "d78eeb5adbfaa6877460b5afa9f8de50af023f71"
  },
  "/home/nikanoza/Desktop/work/folksoul-front-nikanoza/src/services/bandServices.ts": {
    "path": "/home/nikanoza/Desktop/work/folksoul-front-nikanoza/src/services/bandServices.ts",
    "statementMap": {
      "0": {
        "start": {
          "line": 4,
          "column": 27
        },
        "end": {
          "line": 6,
          "column": 1
        }
      },
      "1": {
        "start": {
          "line": 5,
          "column": 2
        },
        "end": {
          "line": 5,
          "column": 41
        }
      },
      "2": {
        "start": {
          "line": 8,
          "column": 30
        },
        "end": {
          "line": 14,
          "column": 1
        }
      },
      "3": {
        "start": {
          "line": 9,
          "column": 2
        },
        "end": {
          "line": 13,
          "column": 5
        }
      },
      "4": {
        "start": {
          "line": 16,
          "column": 37
        },
        "end": {
          "line": 25,
          "column": 1
        }
      },
      "5": {
        "start": {
          "line": 20,
          "column": 2
        },
        "end": {
          "line": 24,
          "column": 5
        }
      }
    },
    "fnMap": {
      "0": {
        "name": "(anonymous_0)",
        "decl": {
          "start": {
            "line": 4,
            "column": 27
          },
          "end": {
            "line": 4,
            "column": 28
          }
        },
        "loc": {
          "start": {
            "line": 4,
            "column": 55
          },
          "end": {
            "line": 6,
            "column": 1
          }
        },
        "line": 4
      },
      "1": {
        "name": "(anonymous_1)",
        "decl": {
          "start": {
            "line": 8,
            "column": 30
          },
          "end": {
            "line": 8,
            "column": 31
          }
        },
        "loc": {
          "start": {
            "line": 8,
            "column": 75
          },
          "end": {
            "line": 14,
            "column": 1
          }
        },
        "line": 8
      },
      "2": {
        "name": "(anonymous_2)",
        "decl": {
          "start": {
            "line": 16,
            "column": 37
          },
          "end": {
            "line": 16,
            "column": 38
          }
        },
        "loc": {
          "start": {
            "line": 19,
            "column": 6
          },
          "end": {
            "line": 25,
            "column": 1
          }
        },
        "line": 19
      }
    },
    "branchMap": {},
    "s": {
      "0": 93,
      "1": 186,
      "2": 93,
      "3": 0,
      "4": 93,
      "5": 0
    },
    "f": {
      "0": 186,
      "1": 0,
      "2": 0
    },
    "b": {},
    "_coverageSchema": "1a1c01bbd47fc00a2c39e90264f33305004495a9",
    "hash": "c7b0416e9c6eceec4e962e83dbbabd46b2611637"
  },
  "/home/nikanoza/Desktop/work/folksoul-front-nikanoza/src/services/membersServices.ts": {
    "path": "/home/nikanoza/Desktop/work/folksoul-front-nikanoza/src/services/membersServices.ts",
    "statementMap": {
      "0": {
        "start": {
          "line": 4,
          "column": 30
        },
        "end": {
          "line": 6,
          "column": 1
        }
      },
      "1": {
        "start": {
          "line": 5,
          "column": 2
        },
        "end": {
          "line": 5,
          "column": 31
        }
      },
      "2": {
        "start": {
          "line": 8,
          "column": 28
        },
        "end": {
          "line": 14,
          "column": 1
        }
      },
      "3": {
        "start": {
          "line": 9,
          "column": 2
        },
        "end": {
          "line": 13,
          "column": 5
        }
      },
      "4": {
        "start": {
          "line": 16,
          "column": 28
        },
        "end": {
          "line": 26,
          "column": 1
        }
      },
      "5": {
        "start": {
          "line": 21,
          "column": 2
        },
        "end": {
          "line": 25,
          "column": 5
        }
      },
      "6": {
        "start": {
          "line": 28,
          "column": 28
        },
        "end": {
          "line": 34,
          "column": 1
        }
      },
      "7": {
        "start": {
          "line": 29,
          "column": 2
        },
        "end": {
          "line": 33,
          "column": 5
        }
      },
      "8": {
        "start": {
          "line": 36,
          "column": 31
        },
        "end": {
          "line": 46,
          "column": 1
        }
      },
      "9": {
        "start": {
          "line": 41,
          "column": 2
        },
        "end": {
          "line": 45,
          "column": 5
        }
      },
      "10": {
        "start": {
          "line": 48,
          "column": 34
        },
        "end": {
          "line": 58,
          "column": 1
        }
      },
      "11": {
        "start": {
          "line": 53,
          "column": 2
        },
        "end": {
          "line": 57,
          "column": 5
        }
      }
    },
    "fnMap": {
      "0": {
        "name": "(anonymous_0)",
        "decl": {
          "start": {
            "line": 4,
            "column": 30
          },
          "end": {
            "line": 4,
            "column": 31
          }
        },
        "loc": {
          "start": {
            "line": 4,
            "column": 36
          },
          "end": {
            "line": 6,
            "column": 1
          }
        },
        "line": 4
      },
      "1": {
        "name": "(anonymous_1)",
        "decl": {
          "start": {
            "line": 8,
            "column": 28
          },
          "end": {
            "line": 8,
            "column": 29
          }
        },
        "loc": {
          "start": {
            "line": 8,
            "column": 76
          },
          "end": {
            "line": 14,
            "column": 1
          }
        },
        "line": 8
      },
      "2": {
        "name": "(anonymous_2)",
        "decl": {
          "start": {
            "line": 16,
            "column": 28
          },
          "end": {
            "line": 16,
            "column": 29
          }
        },
        "loc": {
          "start": {
            "line": 20,
            "column": 6
          },
          "end": {
            "line": 26,
            "column": 1
          }
        },
        "line": 20
      },
      "3": {
        "name": "(anonymous_3)",
        "decl": {
          "start": {
            "line": 28,
            "column": 28
          },
          "end": {
            "line": 28,
            "column": 29
          }
        },
        "loc": {
          "start": {
            "line": 28,
            "column": 69
          },
          "end": {
            "line": 34,
            "column": 1
          }
        },
        "line": 28
      },
      "4": {
        "name": "(anonymous_4)",
        "decl": {
          "start": {
            "line": 36,
            "column": 31
          },
          "end": {
            "line": 36,
            "column": 32
          }
        },
        "loc": {
          "start": {
            "line": 40,
            "column": 6
          },
          "end": {
            "line": 46,
            "column": 1
          }
        },
        "line": 40
      },
      "5": {
        "name": "(anonymous_5)",
        "decl": {
          "start": {
            "line": 48,
            "column": 34
          },
          "end": {
            "line": 48,
            "column": 35
          }
        },
        "loc": {
          "start": {
            "line": 52,
            "column": 6
          },
          "end": {
            "line": 58,
            "column": 1
          }
        },
        "line": 52
      }
    },
    "branchMap": {},
    "s": {
      "0": 93,
      "1": 194,
      "2": 93,
      "3": 3,
      "4": 93,
      "5": 4,
      "6": 93,
      "7": 2,
      "8": 93,
      "9": 8,
      "10": 93,
      "11": 8
    },
    "f": {
      "0": 194,
      "1": 3,
      "2": 4,
      "3": 2,
      "4": 8,
      "5": 8
    },
    "b": {},
    "_coverageSchema": "1a1c01bbd47fc00a2c39e90264f33305004495a9",
    "hash": "16573b71350abc34e611ae7b14385f2d7765064f"
  },
  "/home/nikanoza/Desktop/work/folksoul-front-nikanoza/src/services/socialLinksServices.ts": {
    "path": "/home/nikanoza/Desktop/work/folksoul-front-nikanoza/src/services/socialLinksServices.ts",
    "statementMap": {
      "0": {
        "start": {
          "line": 4,
          "column": 30
        },
        "end": {
          "line": 6,
          "column": 1
        }
      },
      "1": {
        "start": {
          "line": 5,
          "column": 2
        },
        "end": {
          "line": 5,
          "column": 29
        }
      },
      "2": {
        "start": {
          "line": 8,
          "column": 26
        },
        "end": {
          "line": 14,
          "column": 1
        }
      },
      "3": {
        "start": {
          "line": 9,
          "column": 2
        },
        "end": {
          "line": 13,
          "column": 5
        }
      },
      "4": {
        "start": {
          "line": 16,
          "column": 32
        },
        "end": {
          "line": 26,
          "column": 1
        }
      },
      "5": {
        "start": {
          "line": 21,
          "column": 2
        },
        "end": {
          "line": 25,
          "column": 5
        }
      },
      "6": {
        "start": {
          "line": 28,
          "column": 27
        },
        "end": {
          "line": 38,
          "column": 1
        }
      },
      "7": {
        "start": {
          "line": 33,
          "column": 2
        },
        "end": {
          "line": 37,
          "column": 5
        }
      },
      "8": {
        "start": {
          "line": 40,
          "column": 30
        },
        "end": {
          "line": 50,
          "column": 1
        }
      },
      "9": {
        "start": {
          "line": 45,
          "column": 2
        },
        "end": {
          "line": 49,
          "column": 5
        }
      },
      "10": {
        "start": {
          "line": 52,
          "column": 32
        },
        "end": {
          "line": 58,
          "column": 1
        }
      },
      "11": {
        "start": {
          "line": 53,
          "column": 2
        },
        "end": {
          "line": 57,
          "column": 5
        }
      }
    },
    "fnMap": {
      "0": {
        "name": "(anonymous_0)",
        "decl": {
          "start": {
            "line": 4,
            "column": 30
          },
          "end": {
            "line": 4,
            "column": 31
          }
        },
        "loc": {
          "start": {
            "line": 4,
            "column": 36
          },
          "end": {
            "line": 6,
            "column": 1
          }
        },
        "line": 4
      },
      "1": {
        "name": "(anonymous_1)",
        "decl": {
          "start": {
            "line": 8,
            "column": 26
          },
          "end": {
            "line": 8,
            "column": 27
          }
        },
        "loc": {
          "start": {
            "line": 8,
            "column": 77
          },
          "end": {
            "line": 14,
            "column": 1
          }
        },
        "line": 8
      },
      "2": {
        "name": "(anonymous_2)",
        "decl": {
          "start": {
            "line": 16,
            "column": 32
          },
          "end": {
            "line": 16,
            "column": 33
          }
        },
        "loc": {
          "start": {
            "line": 20,
            "column": 6
          },
          "end": {
            "line": 26,
            "column": 1
          }
        },
        "line": 20
      },
      "3": {
        "name": "(anonymous_3)",
        "decl": {
          "start": {
            "line": 28,
            "column": 27
          },
          "end": {
            "line": 28,
            "column": 28
          }
        },
        "loc": {
          "start": {
            "line": 32,
            "column": 6
          },
          "end": {
            "line": 38,
            "column": 1
          }
        },
        "line": 32
      },
      "4": {
        "name": "(anonymous_4)",
        "decl": {
          "start": {
            "line": 40,
            "column": 30
          },
          "end": {
            "line": 40,
            "column": 31
          }
        },
        "loc": {
          "start": {
            "line": 44,
            "column": 6
          },
          "end": {
            "line": 50,
            "column": 1
          }
        },
        "line": 44
      },
      "5": {
        "name": "(anonymous_5)",
        "decl": {
          "start": {
            "line": 52,
            "column": 32
          },
          "end": {
            "line": 52,
            "column": 33
          }
        },
        "loc": {
          "start": {
            "line": 52,
            "column": 73
          },
          "end": {
            "line": 58,
            "column": 1
          }
        },
        "line": 52
      }
    },
    "branchMap": {},
    "s": {
      "0": 93,
      "1": 192,
      "2": 93,
      "3": 0,
      "4": 93,
      "5": 0,
      "6": 93,
      "7": 0,
      "8": 93,
      "9": 0,
      "10": 93,
      "11": 0
    },
    "f": {
      "0": 192,
      "1": 0,
      "2": 0,
      "3": 0,
      "4": 0,
      "5": 0
    },
    "b": {},
    "_coverageSchema": "1a1c01bbd47fc00a2c39e90264f33305004495a9",
    "hash": "b2fe20321e6a9a889e80e9ec68f310e655c53d2e"
  },
  "/home/nikanoza/Desktop/work/folksoul-front-nikanoza/src/services/index.ts": {
    "path": "/home/nikanoza/Desktop/work/folksoul-front-nikanoza/src/services/index.ts",
    "statementMap": {},
    "fnMap": {},
    "branchMap": {},
    "s": {},
    "f": {},
    "b": {},
    "_coverageSchema": "1a1c01bbd47fc00a2c39e90264f33305004495a9",
    "hash": "9a0cf600a43c283b716d7538f828185f1ff312f7"
  },
  "/home/nikanoza/Desktop/work/folksoul-front-nikanoza/src/store/actions/band-actions.ts": {
    "path": "/home/nikanoza/Desktop/work/folksoul-front-nikanoza/src/store/actions/band-actions.ts",
    "statementMap": {
      "0": {
        "start": {
          "line": 7,
          "column": 29
        },
        "end": {
          "line": 26,
          "column": 1
        }
      },
      "1": {
        "start": {
          "line": 13,
          "column": 2
        },
        "end": {
          "line": 25,
          "column": 4
        }
      },
      "2": {
        "start": {
          "line": 14,
          "column": 22
        },
        "end": {
          "line": 17,
          "column": 5
        }
      },
      "3": {
        "start": {
          "line": 15,
          "column": 23
        },
        "end": {
          "line": 15,
          "column": 62
        }
      },
      "4": {
        "start": {
          "line": 16,
          "column": 6
        },
        "end": {
          "line": 16,
          "column": 27
        }
      },
      "5": {
        "start": {
          "line": 19,
          "column": 4
        },
        "end": {
          "line": 24,
          "column": 5
        }
      },
      "6": {
        "start": {
          "line": 20,
          "column": 19
        },
        "end": {
          "line": 20,
          "column": 36
        }
      },
      "7": {
        "start": {
          "line": 21,
          "column": 6
        },
        "end": {
          "line": 21,
          "column": 45
        }
      },
      "8": {
        "start": {
          "line": 23,
          "column": 6
        },
        "end": {
          "line": 23,
          "column": 56
        }
      }
    },
    "fnMap": {
      "0": {
        "name": "(anonymous_0)",
        "decl": {
          "start": {
            "line": 7,
            "column": 29
          },
          "end": {
            "line": 7,
            "column": 30
          }
        },
        "loc": {
          "start": {
            "line": 12,
            "column": 5
          },
          "end": {
            "line": 26,
            "column": 1
          }
        },
        "line": 12
      },
      "1": {
        "name": "(anonymous_1)",
        "decl": {
          "start": {
            "line": 13,
            "column": 9
          },
          "end": {
            "line": 13,
            "column": 10
          }
        },
        "loc": {
          "start": {
            "line": 13,
            "column": 29
          },
          "end": {
            "line": 25,
            "column": 3
          }
        },
        "line": 13
      },
      "2": {
        "name": "(anonymous_2)",
        "decl": {
          "start": {
            "line": 14,
            "column": 22
          },
          "end": {
            "line": 14,
            "column": 23
          }
        },
        "loc": {
          "start": {
            "line": 14,
            "column": 34
          },
          "end": {
            "line": 17,
            "column": 5
          }
        },
        "line": 14
      }
    },
    "branchMap": {},
    "s": {
      "0": 93,
      "1": 186,
      "2": 186,
      "3": 186,
      "4": 179,
      "5": 186,
      "6": 186,
      "7": 179,
      "8": 0
    },
    "f": {
      "0": 186,
      "1": 186,
      "2": 186
    },
    "b": {},
    "_coverageSchema": "1a1c01bbd47fc00a2c39e90264f33305004495a9",
    "hash": "82ce37230f437c691fe8179163f619efab4ba790"
  },
  "/home/nikanoza/Desktop/work/folksoul-front-nikanoza/src/store/actions/members-actions.ts": {
    "path": "/home/nikanoza/Desktop/work/folksoul-front-nikanoza/src/store/actions/members-actions.ts",
    "statementMap": {
      "0": {
        "start": {
          "line": 6,
          "column": 28
        },
        "end": {
          "line": 25,
          "column": 1
        }
      },
      "1": {
        "start": {
          "line": 12,
          "column": 2
        },
        "end": {
          "line": 24,
          "column": 4
        }
      },
      "2": {
        "start": {
          "line": 13,
          "column": 22
        },
        "end": {
          "line": 16,
          "column": 5
        }
      },
      "3": {
        "start": {
          "line": 14,
          "column": 23
        },
        "end": {
          "line": 14,
          "column": 45
        }
      },
      "4": {
        "start": {
          "line": 15,
          "column": 6
        },
        "end": {
          "line": 15,
          "column": 27
        }
      },
      "5": {
        "start": {
          "line": 18,
          "column": 4
        },
        "end": {
          "line": 23,
          "column": 5
        }
      },
      "6": {
        "start": {
          "line": 19,
          "column": 22
        },
        "end": {
          "line": 19,
          "column": 39
        }
      },
      "7": {
        "start": {
          "line": 20,
          "column": 6
        },
        "end": {
          "line": 20,
          "column": 54
        }
      },
      "8": {
        "start": {
          "line": 22,
          "column": 6
        },
        "end": {
          "line": 22,
          "column": 65
        }
      }
    },
    "fnMap": {
      "0": {
        "name": "(anonymous_0)",
        "decl": {
          "start": {
            "line": 6,
            "column": 28
          },
          "end": {
            "line": 6,
            "column": 29
          }
        },
        "loc": {
          "start": {
            "line": 11,
            "column": 5
          },
          "end": {
            "line": 25,
            "column": 1
          }
        },
        "line": 11
      },
      "1": {
        "name": "(anonymous_1)",
        "decl": {
          "start": {
            "line": 12,
            "column": 9
          },
          "end": {
            "line": 12,
            "column": 10
          }
        },
        "loc": {
          "start": {
            "line": 12,
            "column": 29
          },
          "end": {
            "line": 24,
            "column": 3
          }
        },
        "line": 12
      },
      "2": {
        "name": "(anonymous_2)",
        "decl": {
          "start": {
            "line": 13,
            "column": 22
          },
          "end": {
            "line": 13,
            "column": 23
          }
        },
        "loc": {
          "start": {
            "line": 13,
            "column": 34
          },
          "end": {
            "line": 16,
            "column": 5
          }
        },
        "line": 13
      }
    },
    "branchMap": {},
    "s": {
      "0": 93,
      "1": 194,
      "2": 194,
      "3": 194,
      "4": 187,
      "5": 194,
      "6": 194,
      "7": 187,
      "8": 0
    },
    "f": {
      "0": 194,
      "1": 194,
      "2": 194
    },
    "b": {},
    "_coverageSchema": "1a1c01bbd47fc00a2c39e90264f33305004495a9",
    "hash": "23774a5d3787e774863efa445b24ec8b5fe9e1b7"
  },
  "/home/nikanoza/Desktop/work/folksoul-front-nikanoza/src/store/actions/social-links-actions.ts": {
    "path": "/home/nikanoza/Desktop/work/folksoul-front-nikanoza/src/store/actions/social-links-actions.ts",
    "statementMap": {
      "0": {
        "start": {
          "line": 6,
          "column": 26
        },
        "end": {
          "line": 25,
          "column": 1
        }
      },
      "1": {
        "start": {
          "line": 12,
          "column": 2
        },
        "end": {
          "line": 24,
          "column": 4
        }
      },
      "2": {
        "start": {
          "line": 13,
          "column": 22
        },
        "end": {
          "line": 16,
          "column": 5
        }
      },
      "3": {
        "start": {
          "line": 14,
          "column": 23
        },
        "end": {
          "line": 14,
          "column": 45
        }
      },
      "4": {
        "start": {
          "line": 15,
          "column": 6
        },
        "end": {
          "line": 15,
          "column": 27
        }
      },
      "5": {
        "start": {
          "line": 18,
          "column": 4
        },
        "end": {
          "line": 23,
          "column": 5
        }
      },
      "6": {
        "start": {
          "line": 19,
          "column": 20
        },
        "end": {
          "line": 19,
          "column": 37
        }
      },
      "7": {
        "start": {
          "line": 20,
          "column": 6
        },
        "end": {
          "line": 20,
          "column": 49
        }
      },
      "8": {
        "start": {
          "line": 22,
          "column": 6
        },
        "end": {
          "line": 22,
          "column": 67
        }
      }
    },
    "fnMap": {
      "0": {
        "name": "(anonymous_0)",
        "decl": {
          "start": {
            "line": 6,
            "column": 26
          },
          "end": {
            "line": 6,
            "column": 27
          }
        },
        "loc": {
          "start": {
            "line": 11,
            "column": 5
          },
          "end": {
            "line": 25,
            "column": 1
          }
        },
        "line": 11
      },
      "1": {
        "name": "(anonymous_1)",
        "decl": {
          "start": {
            "line": 12,
            "column": 9
          },
          "end": {
            "line": 12,
            "column": 10
          }
        },
        "loc": {
          "start": {
            "line": 12,
            "column": 29
          },
          "end": {
            "line": 24,
            "column": 3
          }
        },
        "line": 12
      },
      "2": {
        "name": "(anonymous_2)",
        "decl": {
          "start": {
            "line": 13,
            "column": 22
          },
          "end": {
            "line": 13,
            "column": 23
          }
        },
        "loc": {
          "start": {
            "line": 13,
            "column": 34
          },
          "end": {
            "line": 16,
            "column": 5
          }
        },
        "line": 13
      }
    },
    "branchMap": {},
    "s": {
      "0": 93,
      "1": 192,
      "2": 192,
      "3": 192,
      "4": 182,
      "5": 192,
      "6": 192,
      "7": 182,
      "8": 0
    },
    "f": {
      "0": 192,
      "1": 192,
      "2": 192
    },
    "b": {},
    "_coverageSchema": "1a1c01bbd47fc00a2c39e90264f33305004495a9",
    "hash": "e9bf87a3ddd7d56d3dd8b7b33cad4f6f2964d683"
  },
  "/home/nikanoza/Desktop/work/folksoul-front-nikanoza/src/store/actions/index.ts": {
    "path": "/home/nikanoza/Desktop/work/folksoul-front-nikanoza/src/store/actions/index.ts",
    "statementMap": {},
    "fnMap": {},
    "branchMap": {},
    "s": {},
    "f": {},
    "b": {},
    "_coverageSchema": "1a1c01bbd47fc00a2c39e90264f33305004495a9",
    "hash": "89d1e777f95519b82d389e2beb63cfb2fd5bd445"
  },
  "/home/nikanoza/Desktop/work/folksoul-front-nikanoza/src/store/hooks.ts": {
    "path": "/home/nikanoza/Desktop/work/folksoul-front-nikanoza/src/store/hooks.ts",
    "statementMap": {
      "0": {
        "start": {
          "line": 4,
          "column": 49
        },
        "end": {
          "line": 4,
          "column": 60
        }
      },
      "1": {
        "start": {
          "line": 5,
          "column": 63
        },
        "end": {
          "line": 5,
          "column": 74
        }
      }
    },
    "fnMap": {},
    "branchMap": {},
    "s": {
      "0": 93,
      "1": 93
    },
    "f": {},
    "b": {},
    "_coverageSchema": "1a1c01bbd47fc00a2c39e90264f33305004495a9",
    "hash": "e1ca542b4bf287d417fa0deab64c8f7b9a17c547"
  },
  "/home/nikanoza/Desktop/work/folksoul-front-nikanoza/src/store/index.ts": {
    "path": "/home/nikanoza/Desktop/work/folksoul-front-nikanoza/src/store/index.ts",
    "statementMap": {},
    "fnMap": {},
    "branchMap": {},
    "s": {},
    "f": {},
    "b": {},
    "_coverageSchema": "1a1c01bbd47fc00a2c39e90264f33305004495a9",
    "hash": "f2d50223d7cebb14cb39664d9e387f464ed5381d"
  },
  "/home/nikanoza/Desktop/work/folksoul-front-nikanoza/src/pages/Home/Home.tsx": {
    "path": "/home/nikanoza/Desktop/work/folksoul-front-nikanoza/src/pages/Home/Home.tsx",
    "statementMap": {
      "0": {
        "start": {
          "line": 9,
          "column": 13
        },
        "end": {
          "line": 164,
          "column": 1
        }
      },
      "1": {
        "start": {
          "line": 10,
          "column": 46
        },
        "end": {
          "line": 10,
          "column": 69
        }
      },
      "2": {
        "start": {
          "line": 11,
          "column": 44
        },
        "end": {
          "line": 11,
          "column": 73
        }
      },
      "3": {
        "start": {
          "line": 12,
          "column": 34
        },
        "end": {
          "line": 12,
          "column": 54
        }
      },
      "4": {
        "start": {
          "line": 14,
          "column": 15
        },
        "end": {
          "line": 14,
          "column": 57
        }
      },
      "5": {
        "start": {
          "line": 14,
          "column": 41
        },
        "end": {
          "line": 14,
          "column": 56
        }
      },
      "6": {
        "start": {
          "line": 15,
          "column": 18
        },
        "end": {
          "line": 15,
          "column": 66
        }
      },
      "7": {
        "start": {
          "line": 15,
          "column": 44
        },
        "end": {
          "line": 15,
          "column": 65
        }
      },
      "8": {
        "start": {
          "line": 16,
          "column": 16
        },
        "end": {
          "line": 16,
          "column": 34
        }
      },
      "9": {
        "start": {
          "line": 17,
          "column": 24
        },
        "end": {
          "line": 19,
          "column": 50
        }
      },
      "10": {
        "start": {
          "line": 19,
          "column": 20
        },
        "end": {
          "line": 19,
          "column": 49
        }
      },
      "11": {
        "start": {
          "line": 21,
          "column": 2
        },
        "end": {
          "line": 23,
          "column": 25
        }
      },
      "12": {
        "start": {
          "line": 22,
          "column": 4
        },
        "end": {
          "line": 22,
          "column": 34
        }
      },
      "13": {
        "start": {
          "line": 25,
          "column": 24
        },
        "end": {
          "line": 29,
          "column": 3
        }
      },
      "14": {
        "start": {
          "line": 26,
          "column": 4
        },
        "end": {
          "line": 26,
          "column": 29
        }
      },
      "15": {
        "start": {
          "line": 27,
          "column": 4
        },
        "end": {
          "line": 27,
          "column": 34
        }
      },
      "16": {
        "start": {
          "line": 28,
          "column": 4
        },
        "end": {
          "line": 28,
          "column": 29
        }
      },
      "17": {
        "start": {
          "line": 31,
          "column": 28
        },
        "end": {
          "line": 35,
          "column": 3
        }
      },
      "18": {
        "start": {
          "line": 32,
          "column": 4
        },
        "end": {
          "line": 32,
          "column": 28
        }
      },
      "19": {
        "start": {
          "line": 33,
          "column": 4
        },
        "end": {
          "line": 33,
          "column": 34
        }
      },
      "20": {
        "start": {
          "line": 34,
          "column": 4
        },
        "end": {
          "line": 34,
          "column": 27
        }
      },
      "21": {
        "start": {
          "line": 37,
          "column": 2
        },
        "end": {
          "line": 163,
          "column": 4
        }
      },
      "22": {
        "start": {
          "line": 78,
          "column": 34
        },
        "end": {
          "line": 80,
          "column": 15
        }
      },
      "23": {
        "start": {
          "line": 79,
          "column": 28
        },
        "end": {
          "line": 79,
          "column": 51
        }
      },
      "24": {
        "start": {
          "line": 82,
          "column": 38
        },
        "end": {
          "line": 82,
          "column": 66
        }
      },
      "25": {
        "start": {
          "line": 83,
          "column": 14
        },
        "end": {
          "line": 116,
          "column": 16
        }
      }
    },
    "fnMap": {
      "0": {
        "name": "(anonymous_0)",
        "decl": {
          "start": {
            "line": 9,
            "column": 13
          },
          "end": {
            "line": 9,
            "column": 14
          }
        },
        "loc": {
          "start": {
            "line": 9,
            "column": 19
          },
          "end": {
            "line": 164,
            "column": 1
          }
        },
        "line": 9
      },
      "1": {
        "name": "(anonymous_1)",
        "decl": {
          "start": {
            "line": 14,
            "column": 30
          },
          "end": {
            "line": 14,
            "column": 31
          }
        },
        "loc": {
          "start": {
            "line": 14,
            "column": 41
          },
          "end": {
            "line": 14,
            "column": 56
          }
        },
        "line": 14
      },
      "2": {
        "name": "(anonymous_2)",
        "decl": {
          "start": {
            "line": 15,
            "column": 33
          },
          "end": {
            "line": 15,
            "column": 34
          }
        },
        "loc": {
          "start": {
            "line": 15,
            "column": 44
          },
          "end": {
            "line": 15,
            "column": 65
          }
        },
        "line": 15
      },
      "3": {
        "name": "(anonymous_3)",
        "decl": {
          "start": {
            "line": 19,
            "column": 10
          },
          "end": {
            "line": 19,
            "column": 11
          }
        },
        "loc": {
          "start": {
            "line": 19,
            "column": 20
          },
          "end": {
            "line": 19,
            "column": 49
          }
        },
        "line": 19
      },
      "4": {
        "name": "(anonymous_4)",
        "decl": {
          "start": {
            "line": 21,
            "column": 12
          },
          "end": {
            "line": 21,
            "column": 13
          }
        },
        "loc": {
          "start": {
            "line": 21,
            "column": 18
          },
          "end": {
            "line": 23,
            "column": 3
          }
        },
        "line": 21
      },
      "5": {
        "name": "(anonymous_5)",
        "decl": {
          "start": {
            "line": 25,
            "column": 24
          },
          "end": {
            "line": 25,
            "column": 25
          }
        },
        "loc": {
          "start": {
            "line": 25,
            "column": 44
          },
          "end": {
            "line": 29,
            "column": 3
          }
        },
        "line": 25
      },
      "6": {
        "name": "(anonymous_6)",
        "decl": {
          "start": {
            "line": 31,
            "column": 28
          },
          "end": {
            "line": 31,
            "column": 29
          }
        },
        "loc": {
          "start": {
            "line": 31,
            "column": 34
          },
          "end": {
            "line": 35,
            "column": 3
          }
        },
        "line": 31
      },
      "7": {
        "name": "(anonymous_7)",
        "decl": {
          "start": {
            "line": 77,
            "column": 24
          },
          "end": {
            "line": 77,
            "column": 25
          }
        },
        "loc": {
          "start": {
            "line": 77,
            "column": 43
          },
          "end": {
            "line": 117,
            "column": 13
          }
        },
        "line": 77
      },
      "8": {
        "name": "(anonymous_8)",
        "decl": {
          "start": {
            "line": 79,
            "column": 16
          },
          "end": {
            "line": 79,
            "column": 17
          }
        },
        "loc": {
          "start": {
            "line": 79,
            "column": 28
          },
          "end": {
            "line": 79,
            "column": 51
          }
        },
        "line": 79
      }
    },
    "branchMap": {
      "0": {
        "loc": {
          "start": {
            "line": 45,
            "column": 14
          },
          "end": {
            "line": 45,
            "column": 45
          }
        },
        "type": "cond-expr",
        "locations": [
          {
            "start": {
              "line": 45,
              "column": 22
            },
            "end": {
              "line": 45,
              "column": 34
            }
          },
          {
            "start": {
              "line": 45,
              "column": 37
            },
            "end": {
              "line": 45,
              "column": 45
            }
          }
        ],
        "line": 45
      },
      "1": {
        "loc": {
          "start": {
            "line": 63,
            "column": 14
          },
          "end": {
            "line": 63,
            "column": 44
          }
        },
        "type": "cond-expr",
        "locations": [
          {
            "start": {
              "line": 63,
              "column": 32
            },
            "end": {
              "line": 63,
              "column": 39
            }
          },
          {
            "start": {
              "line": 63,
              "column": 42
            },
            "end": {
              "line": 63,
              "column": 44
            }
          }
        ],
        "line": 63
      },
      "2": {
        "loc": {
          "start": {
            "line": 72,
            "column": 16
          },
          "end": {
            "line": 72,
            "column": 46
          }
        },
        "type": "cond-expr",
        "locations": [
          {
            "start": {
              "line": 72,
              "column": 34
            },
            "end": {
              "line": 72,
              "column": 41
            }
          },
          {
            "start": {
              "line": 72,
              "column": 44
            },
            "end": {
              "line": 72,
              "column": 46
            }
          }
        ],
        "line": 72
      },
      "3": {
        "loc": {
          "start": {
            "line": 76,
            "column": 11
          },
          "end": {
            "line": 117,
            "column": 14
          }
        },
        "type": "binary-expr",
        "locations": [
          {
            "start": {
              "line": 76,
              "column": 11
            },
            "end": {
              "line": 76,
              "column": 29
            }
          },
          {
            "start": {
              "line": 77,
              "column": 12
            },
            "end": {
              "line": 117,
              "column": 14
            }
          }
        ],
        "line": 76
      },
      "4": {
        "loc": {
          "start": {
            "line": 95,
            "column": 22
          },
          "end": {
            "line": 95,
            "column": 52
          }
        },
        "type": "cond-expr",
        "locations": [
          {
            "start": {
              "line": 95,
              "column": 40
            },
            "end": {
              "line": 95,
              "column": 47
            }
          },
          {
            "start": {
              "line": 95,
              "column": 50
            },
            "end": {
              "line": 95,
              "column": 52
            }
          }
        ],
        "line": 95
      },
      "5": {
        "loc": {
          "start": {
            "line": 107,
            "column": 24
          },
          "end": {
            "line": 107,
            "column": 54
          }
        },
        "type": "cond-expr",
        "locations": [
          {
            "start": {
              "line": 107,
              "column": 42
            },
            "end": {
              "line": 107,
              "column": 49
            }
          },
          {
            "start": {
              "line": 107,
              "column": 52
            },
            "end": {
              "line": 107,
              "column": 54
            }
          }
        ],
        "line": 107
      },
      "6": {
        "loc": {
          "start": {
            "line": 133,
            "column": 20
          },
          "end": {
            "line": 137,
            "column": 28
          }
        },
        "type": "cond-expr",
        "locations": [
          {
            "start": {
              "line": 134,
              "column": 24
            },
            "end": {
              "line": 134,
              "column": 77
            }
          },
          {
            "start": {
              "line": 135,
              "column": 24
            },
            "end": {
              "line": 137,
              "column": 28
            }
          }
        ],
        "line": 133
      },
      "7": {
        "loc": {
          "start": {
            "line": 133,
            "column": 20
          },
          "end": {
            "line": 133,
            "column": 57
          }
        },
        "type": "binary-expr",
        "locations": [
          {
            "start": {
              "line": 133,
              "column": 20
            },
            "end": {
              "line": 133,
              "column": 33
            }
          },
          {
            "start": {
              "line": 133,
              "column": 37
            },
            "end": {
              "line": 133,
              "column": 57
            }
          }
        ],
        "line": 133
      },
      "8": {
        "loc": {
          "start": {
            "line": 135,
            "column": 24
          },
          "end": {
            "line": 137,
            "column": 28
          }
        },
        "type": "cond-expr",
        "locations": [
          {
            "start": {
              "line": 136,
              "column": 24
            },
            "end": {
              "line": 136,
              "column": 30
            }
          },
          {
            "start": {
              "line": 137,
              "column": 24
            },
            "end": {
              "line": 137,
              "column": 28
            }
          }
        ],
        "line": 135
      },
      "9": {
        "loc": {
          "start": {
            "line": 140,
            "column": 29
          },
          "end": {
            "line": 140,
            "column": 70
          }
        },
        "type": "cond-expr",
        "locations": [
          {
            "start": {
              "line": 140,
              "column": 45
            },
            "end": {
              "line": 140,
              "column": 56
            }
          },
          {
            "start": {
              "line": 140,
              "column": 59
            },
            "end": {
              "line": 140,
              "column": 70
            }
          }
        ],
        "line": 140
      }
    },
    "s": {
      "0": 93,
      "1": 124,
      "2": 124,
      "3": 124,
      "4": 124,
      "5": 144,
      "6": 124,
      "7": 144,
      "8": 124,
      "9": 124,
      "10": 378,
      "11": 124,
      "12": 70,
      "13": 124,
      "14": 1,
      "15": 1,
      "16": 1,
      "17": 124,
      "18": 1,
      "19": 1,
      "20": 1,
      "21": 124,
      "22": 270,
      "23": 810,
      "24": 270,
      "25": 270
    },
    "f": {
      "0": 124,
      "1": 144,
      "2": 144,
      "3": 378,
      "4": 70,
      "5": 1,
      "6": 1,
      "7": 270,
      "8": 810
    },
    "b": {
      "0": [
        2,
        122
      ],
      "1": [
        2,
        122
      ],
      "2": [
        2,
        122
      ],
      "3": [
        124,
        54
      ],
      "4": [
        10,
        260
      ],
      "5": [
        10,
        260
      ],
      "6": [
        2,
        122
      ],
      "7": [
        124,
        2
      ],
      "8": [
        0,
        122
      ],
      "9": [
        2,
        122
      ]
    },
    "_coverageSchema": "1a1c01bbd47fc00a2c39e90264f33305004495a9",
    "hash": "2e06d85d2a3dfb4b1430c2ffc69533c1196aeef3"
  },
  "/home/nikanoza/Desktop/work/folksoul-front-nikanoza/src/pages/Home/index.ts": {
    "path": "/home/nikanoza/Desktop/work/folksoul-front-nikanoza/src/pages/Home/index.ts",
    "statementMap": {},
    "fnMap": {},
    "branchMap": {},
    "s": {},
    "f": {},
    "b": {},
    "_coverageSchema": "1a1c01bbd47fc00a2c39e90264f33305004495a9",
    "hash": "486edecdbeacfed15987d4ba5b7cc0e1435bf3ab"
  },
  "/home/nikanoza/Desktop/work/folksoul-front-nikanoza/src/components/Input.tsx": {
    "path": "/home/nikanoza/Desktop/work/folksoul-front-nikanoza/src/components/Input.tsx",
    "statementMap": {
      "0": {
        "start": {
          "line": 4,
          "column": 40
        },
        "end": {
          "line": 20,
          "column": 1
        }
      },
      "1": {
        "start": {
          "line": 5,
          "column": 2
        },
        "end": {
          "line": 19,
          "column": 4
        }
      }
    },
    "fnMap": {
      "0": {
        "name": "(anonymous_0)",
        "decl": {
          "start": {
            "line": 4,
            "column": 40
          },
          "end": {
            "line": 4,
            "column": 41
          }
        },
        "loc": {
          "start": {
            "line": 4,
            "column": 51
          },
          "end": {
            "line": 20,
            "column": 1
          }
        },
        "line": 4
      }
    },
    "branchMap": {
      "0": {
        "loc": {
          "start": {
            "line": 17,
            "column": 20
          },
          "end": {
            "line": 17,
            "column": 44
          }
        },
        "type": "binary-expr",
        "locations": [
          {
            "start": {
              "line": 17,
              "column": 20
            },
            "end": {
              "line": 17,
              "column": 38
            }
          },
          {
            "start": {
              "line": 17,
              "column": 42
            },
            "end": {
              "line": 17,
              "column": 44
            }
          }
        ],
        "line": 17
      }
    },
    "s": {
      "0": 93,
      "1": 808
    },
    "f": {
      "0": 808
    },
    "b": {
      "0": [
        808,
        608
      ]
    },
    "_coverageSchema": "1a1c01bbd47fc00a2c39e90264f33305004495a9",
    "hash": "8f6c6983322ef58df58b0d99ae432cfbc546263c"
  },
  "/home/nikanoza/Desktop/work/folksoul-front-nikanoza/src/components/Button.tsx": {
    "path": "/home/nikanoza/Desktop/work/folksoul-front-nikanoza/src/components/Button.tsx",
    "statementMap": {
      "0": {
        "start": {
          "line": 3,
          "column": 42
        },
        "end": {
          "line": 15,
          "column": 1
        }
      },
      "1": {
        "start": {
          "line": 4,
          "column": 2
        },
        "end": {
          "line": 14,
          "column": 4
        }
      }
    },
    "fnMap": {
      "0": {
        "name": "(anonymous_0)",
        "decl": {
          "start": {
            "line": 3,
            "column": 42
          },
          "end": {
            "line": 3,
            "column": 43
          }
        },
        "loc": {
          "start": {
            "line": 3,
            "column": 53
          },
          "end": {
            "line": 15,
            "column": 1
          }
        },
        "line": 3
      }
    },
    "branchMap": {},
    "s": {
      "0": 93,
      "1": 976
    },
    "f": {
      "0": 976
    },
    "b": {},
    "_coverageSchema": "1a1c01bbd47fc00a2c39e90264f33305004495a9",
    "hash": "265c75b3301244e67a19242b468bbc5f69aca782"
  },
  "/home/nikanoza/Desktop/work/folksoul-front-nikanoza/src/components/Menu.tsx": {
    "path": "/home/nikanoza/Desktop/work/folksoul-front-nikanoza/src/components/Menu.tsx",
    "statementMap": {
      "0": {
        "start": {
          "line": 9,
          "column": 13
        },
        "end": {
          "line": 68,
          "column": 1
        }
      },
      "1": {
        "start": {
          "line": 10,
          "column": 23
        },
        "end": {
          "line": 10,
          "column": 36
        }
      },
      "2": {
        "start": {
          "line": 11,
          "column": 19
        },
        "end": {
          "line": 11,
          "column": 32
        }
      },
      "3": {
        "start": {
          "line": 12,
          "column": 16
        },
        "end": {
          "line": 12,
          "column": 34
        }
      },
      "4": {
        "start": {
          "line": 14,
          "column": 2
        },
        "end": {
          "line": 18,
          "column": 24
        }
      },
      "5": {
        "start": {
          "line": 15,
          "column": 4
        },
        "end": {
          "line": 17,
          "column": 5
        }
      },
      "6": {
        "start": {
          "line": 16,
          "column": 6
        },
        "end": {
          "line": 16,
          "column": 20
        }
      },
      "7": {
        "start": {
          "line": 20,
          "column": 19
        },
        "end": {
          "line": 20,
          "column": 35
        }
      },
      "8": {
        "start": {
          "line": 22,
          "column": 2
        },
        "end": {
          "line": 24,
          "column": 17
        }
      },
      "9": {
        "start": {
          "line": 23,
          "column": 4
        },
        "end": {
          "line": 23,
          "column": 27
        }
      },
      "10": {
        "start": {
          "line": 26,
          "column": 19
        },
        "end": {
          "line": 29,
          "column": 3
        }
      },
      "11": {
        "start": {
          "line": 27,
          "column": 4
        },
        "end": {
          "line": 27,
          "column": 27
        }
      },
      "12": {
        "start": {
          "line": 28,
          "column": 4
        },
        "end": {
          "line": 28,
          "column": 18
        }
      },
      "13": {
        "start": {
          "line": 31,
          "column": 20
        },
        "end": {
          "line": 36,
          "column": 6
        }
      },
      "14": {
        "start": {
          "line": 32,
          "column": 4
        },
        "end": {
          "line": 36,
          "column": 6
        }
      },
      "15": {
        "start": {
          "line": 37,
          "column": 2
        },
        "end": {
          "line": 67,
          "column": 4
        }
      }
    },
    "fnMap": {
      "0": {
        "name": "(anonymous_0)",
        "decl": {
          "start": {
            "line": 9,
            "column": 13
          },
          "end": {
            "line": 9,
            "column": 14
          }
        },
        "loc": {
          "start": {
            "line": 9,
            "column": 19
          },
          "end": {
            "line": 68,
            "column": 1
          }
        },
        "line": 9
      },
      "1": {
        "name": "(anonymous_1)",
        "decl": {
          "start": {
            "line": 14,
            "column": 12
          },
          "end": {
            "line": 14,
            "column": 13
          }
        },
        "loc": {
          "start": {
            "line": 14,
            "column": 18
          },
          "end": {
            "line": 18,
            "column": 3
          }
        },
        "line": 14
      },
      "2": {
        "name": "(anonymous_2)",
        "decl": {
          "start": {
            "line": 22,
            "column": 12
          },
          "end": {
            "line": 22,
            "column": 13
          }
        },
        "loc": {
          "start": {
            "line": 22,
            "column": 18
          },
          "end": {
            "line": 24,
            "column": 3
          }
        },
        "line": 22
      },
      "3": {
        "name": "(anonymous_3)",
        "decl": {
          "start": {
            "line": 26,
            "column": 19
          },
          "end": {
            "line": 26,
            "column": 20
          }
        },
        "loc": {
          "start": {
            "line": 26,
            "column": 25
          },
          "end": {
            "line": 29,
            "column": 3
          }
        },
        "line": 26
      },
      "4": {
        "name": "(anonymous_4)",
        "decl": {
          "start": {
            "line": 31,
            "column": 20
          },
          "end": {
            "line": 31,
            "column": 21
          }
        },
        "loc": {
          "start": {
            "line": 32,
            "column": 4
          },
          "end": {
            "line": 36,
            "column": 6
          }
        },
        "line": 32
      }
    },
    "branchMap": {
      "0": {
        "loc": {
          "start": {
            "line": 15,
            "column": 4
          },
          "end": {
            "line": 17,
            "column": 5
          }
        },
        "type": "if",
        "locations": [
          {
            "start": {
              "line": 15,
              "column": 4
            },
            "end": {
              "line": 17,
              "column": 5
            }
          },
          {
            "start": {
              "line": 15,
              "column": 4
            },
            "end": {
              "line": 17,
              "column": 5
            }
          }
        ],
        "line": 15
      },
      "1": {
        "loc": {
          "start": {
            "line": 33,
            "column": 6
          },
          "end": {
            "line": 35,
            "column": 41
          }
        },
        "type": "cond-expr",
        "locations": [
          {
            "start": {
              "line": 34,
              "column": 10
            },
            "end": {
              "line": 34,
              "column": 39
            }
          },
          {
            "start": {
              "line": 35,
              "column": 10
            },
            "end": {
              "line": 35,
              "column": 41
            }
          }
        ],
        "line": 33
      }
    },
    "s": {
      "0": 93,
      "1": 504,
      "2": 504,
      "3": 504,
      "4": 504,
      "5": 192,
      "6": 0,
      "7": 504,
      "8": 504,
      "9": 192,
      "10": 504,
      "11": 0,
      "12": 0,
      "13": 504,
      "14": 2520,
      "15": 504
    },
    "f": {
      "0": 504,
      "1": 192,
      "2": 192,
      "3": 0,
      "4": 2520
    },
    "b": {
      "0": [
        0,
        192
      ],
      "1": [
        504,
        2016
      ]
    },
    "_coverageSchema": "1a1c01bbd47fc00a2c39e90264f33305004495a9",
    "hash": "961767c28201ef5029cb23713b2bd7ee28a4a5a5"
  },
  "/home/nikanoza/Desktop/work/folksoul-front-nikanoza/src/components/Card.tsx": {
    "path": "/home/nikanoza/Desktop/work/folksoul-front-nikanoza/src/components/Card.tsx",
    "statementMap": {
      "0": {
        "start": {
          "line": 3,
          "column": 48
        },
        "end": {
          "line": 7,
          "column": 1
        }
      },
      "1": {
        "start": {
          "line": 4,
          "column": 2
        },
        "end": {
          "line": 6,
          "column": 8
        }
      }
    },
    "fnMap": {
      "0": {
        "name": "(anonymous_0)",
        "decl": {
          "start": {
            "line": 3,
            "column": 48
          },
          "end": {
            "line": 3,
            "column": 49
          }
        },
        "loc": {
          "start": {
            "line": 4,
            "column": 2
          },
          "end": {
            "line": 6,
            "column": 8
          }
        },
        "line": 4
      }
    },
    "branchMap": {},
    "s": {
      "0": 93,
      "1": 504
    },
    "f": {
      "0": 504
    },
    "b": {},
    "_coverageSchema": "1a1c01bbd47fc00a2c39e90264f33305004495a9",
    "hash": "796e0aecaef11235f026ce5d8f4f33cddc9f2eec"
  },
  "/home/nikanoza/Desktop/work/folksoul-front-nikanoza/src/components/InfoHeader.tsx": {
    "path": "/home/nikanoza/Desktop/work/folksoul-front-nikanoza/src/components/InfoHeader.tsx",
    "statementMap": {
      "0": {
        "start": {
          "line": 3,
          "column": 74
        },
        "end": {
          "line": 14,
          "column": 1
        }
      },
      "1": {
        "start": {
          "line": 6,
          "column": 2
        },
        "end": {
          "line": 13,
          "column": 8
        }
      }
    },
    "fnMap": {
      "0": {
        "name": "(anonymous_0)",
        "decl": {
          "start": {
            "line": 3,
            "column": 74
          },
          "end": {
            "line": 3,
            "column": 75
          }
        },
        "loc": {
          "start": {
            "line": 6,
            "column": 2
[...]
        }
      },
      "8": {
        "start": {
          "line": 21,
          "column": 2
        },
        "end": {
          "line": 72,
          "column": 4
        }
      }
    },
    "fnMap": {
      "0": {
        "name": "(anonymous_0)",
        "decl": {
          "start": {
            "line": 9,
            "column": 14
          },
          "end": {
            "line": 9,
            "column": 15
          }
        },
        "loc": {
          "start": {
            "line": 9,
            "column": 20
          },
          "end": {
            "line": 73,
            "column": 1
          }
        },
        "line": 9
      },
      "1": {
        "name": "(anonymous_1)",
        "decl": {
          "start": {
            "line": 11,
            "column": 30
          },
          "end": {
            "line": 11,
            "column": 31
          }
        },
        "loc": {
          "start": {
            "line": 11,
            "column": 41
          },
          "end": {
            "line": 11,
            "column": 56
          }
        },
        "line": 11
      },
      "2": {
        "name": "(anonymous_2)",
        "decl": {
          "start": {
            "line": 13,
            "column": 31
          },
          "end": {
            "line": 13,
            "column": 32
          }
        },
        "loc": {
          "start": {
            "line": 13,
            "column": 37
          },
          "end": {
            "line": 15,
            "column": 3
          }
        },
        "line": 13
      },
      "3": {
        "name": "(anonymous_3)",
        "decl": {
          "start": {
            "line": 17,
            "column": 30
          },
          "end": {
            "line": 17,
            "column": 31
          }
        },
        "loc": {
          "start": {
            "line": 17,
            "column": 36
          },
          "end": {
            "line": 19,
            "column": 3
          }
        },
        "line": 17
      }
    },
    "branchMap": {
      "0": {
        "loc": {
          "start": {
            "line": 66,
            "column": 7
          },
          "end": {
            "line": 70,
            "column": 7
          }
        },
        "type": "binary-expr",
        "locations": [
          {
            "start": {
              "line": 66,
              "column": 7
            },
            "end": {
              "line": 66,
              "column": 21
            }
          },
          {
            "start": {
              "line": 67,
              "column": 8
            },
            "end": {
              "line": 69,
              "column": 16
            }
          }
        ],
        "line": 66
      }
    },
    "s": {
      "0": 93,
      "1": 0,
      "2": 0,
      "3": 0,
      "4": 0,
      "5": 0,
      "6": 0,
      "7": 0,
      "8": 0
    },
    "f": {
      "0": 0,
      "1": 0,
      "2": 0,
      "3": 0
    },
    "b": {
      "0": [
        0,
        0
      ]
    },
    "_coverageSchema": "1a1c01bbd47fc00a2c39e90264f33305004495a9",
    "hash": "ebb15da2207173cf7a3d8cd29197600f3425f771"
  },
  "/home/nikanoza/Desktop/work/folksoul-front-nikanoza/src/pages/About/index.ts": {
    "path": "/home/nikanoza/Desktop/work/folksoul-front-nikanoza/src/pages/About/index.ts",
    "statementMap": {},
    "fnMap": {},
    "branchMap": {},
    "s": {},
    "f": {},
    "b": {},
    "_coverageSchema": "1a1c01bbd47fc00a2c39e90264f33305004495a9",
    "hash": "c93c8cc417c7c3c32d0778c98852d3cce41d834e"
  },
  "/home/nikanoza/Desktop/work/folksoul-front-nikanoza/src/pages/NewMusician/NewMusician.tsx": {
    "path": "/home/nikanoza/Desktop/work/folksoul-front-nikanoza/src/pages/NewMusician/NewMusician.tsx",
    "statementMap": {
      "0": {
        "start": {
          "line": 3,
          "column": 20
        },
        "end": {
          "line": 13,
          "column": 1
        }
      },
      "1": {
        "start": {
          "line": 4,
          "column": 2
        },
        "end": {
          "line": 12,
          "column": 4
        }
      }
    },
    "fnMap": {
      "0": {
        "name": "(anonymous_0)",
        "decl": {
          "start": {
            "line": 3,
            "column": 20
          },
          "end": {
            "line": 3,
            "column": 21
          }
        },
        "loc": {
          "start": {
            "line": 3,
            "column": 26
          },
          "end": {
            "line": 13,
            "column": 1
          }
        },
        "line": 3
      }
    },
    "branchMap": {},
    "s": {
      "0": 93,
      "1": 24
    },
    "f": {
      "0": 24
    },
    "b": {},
    "_coverageSchema": "1a1c01bbd47fc00a2c39e90264f33305004495a9",
    "hash": "dc3ea277e353e93fbccaa9dd815a83a111dc747f"
  },
  "/home/nikanoza/Desktop/work/folksoul-front-nikanoza/src/pages/NewMusician/index.ts": {
    "path": "/home/nikanoza/Desktop/work/folksoul-front-nikanoza/src/pages/NewMusician/index.ts",
    "statementMap": {},
    "fnMap": {},
    "branchMap": {},
    "s": {},
    "f": {},
    "b": {},
    "_coverageSchema": "1a1c01bbd47fc00a2c39e90264f33305004495a9",
    "hash": "8581263bb3b2bb5df4c914007a87e0454add5403"
  },
  "/home/nikanoza/Desktop/work/folksoul-front-nikanoza/src/pages/EditMusician/EditMusician.tsx": {
    "path": "/home/nikanoza/Desktop/work/folksoul-front-nikanoza/src/pages/EditMusician/EditMusician.tsx",
    "statementMap": {
      "0": {
        "start": {
          "line": 3,
          "column": 21
        },
        "end": {
          "line": 15,
          "column": 1
        }
      },
      "1": {
        "start": {
          "line": 4,
          "column": 2
        },
        "end": {
          "line": 14,
          "column": 4
        }
      }
    },
    "fnMap": {
      "0": {
        "name": "(anonymous_0)",
        "decl": {
          "start": {
            "line": 3,
            "column": 21
          },
          "end": {
            "line": 3,
            "column": 22
          }
        },
        "loc": {
          "start": {
            "line": 3,
            "column": 27
          },
          "end": {
            "line": 15,
            "column": 1
          }
        },
        "line": 3
      }
    },
    "branchMap": {},
    "s": {
      "0": 93,
      "1": 20
    },
    "f": {
      "0": 20
    },
    "b": {},
    "_coverageSchema": "1a1c01bbd47fc00a2c39e90264f33305004495a9",
    "hash": "5f2b0bf3af0a37f254dfca3c361551154f0fcf85"
  },
  "/home/nikanoza/Desktop/work/folksoul-front-nikanoza/src/pages/EditMusician/index.ts": {
    "path": "/home/nikanoza/Desktop/work/folksoul-front-nikanoza/src/pages/EditMusician/index.ts",
    "statementMap": {},
    "fnMap": {},
    "branchMap": {},
    "s": {},
    "f": {},
    "b": {},
    "_coverageSchema": "1a1c01bbd47fc00a2c39e90264f33305004495a9",
    "hash": "02582541a1ff9c5e1f1eae2d587f4cded7ae394f"
  },
  "/home/nikanoza/Desktop/work/folksoul-front-nikanoza/src/pages/NewLink/NewLink.tsx": {
    "path": "/home/nikanoza/Desktop/work/folksoul-front-nikanoza/src/pages/NewLink/NewLink.tsx",
    "statementMap": {
      "0": {
        "start": {
          "line": 3,
          "column": 16
        },
        "end": {
          "line": 13,
          "column": 1
        }
      },
      "1": {
        "start": {
          "line": 4,
          "column": 2
        },
        "end": {
          "line": 12,
          "column": 4
        }
      }
    },
    "fnMap": {
      "0": {
        "name": "(anonymous_0)",
        "decl": {
          "start": {
            "line": 3,
            "column": 16
          },
          "end": {
            "line": 3,
            "column": 17
          }
        },
        "loc": {
          "start": {
            "line": 3,
            "column": 22
          },
          "end": {
            "line": 13,
            "column": 1
          }
        },
        "line": 3
      }
    },
    "branchMap": {},
    "s": {
      "0": 93,
      "1": 0
    },
    "f": {
      "0": 0
    },
    "b": {},
    "_coverageSchema": "1a1c01bbd47fc00a2c39e90264f33305004495a9",
    "hash": "024cdbb2222d21576cbc0cc7faa8939c90c16c7c"
  },
  "/home/nikanoza/Desktop/work/folksoul-front-nikanoza/src/pages/NewLink/index.ts": {
    "path": "/home/nikanoza/Desktop/work/folksoul-front-nikanoza/src/pages/NewLink/index.ts",
    "statementMap": {},
    "fnMap": {},
    "branchMap": {},
    "s": {},
    "f": {},
    "b": {},
    "_coverageSchema": "1a1c01bbd47fc00a2c39e90264f33305004495a9",
    "hash": "0b45b115fc4d8a72e61fc6570971acd93b65f9b8"
  },
  "/home/nikanoza/Desktop/work/folksoul-front-nikanoza/src/pages/EditBand/EditBand.tsx": {
    "path": "/home/nikanoza/Desktop/work/folksoul-front-nikanoza/src/pages/EditBand/EditBand.tsx",
    "statementMap": {
      "0": {
        "start": {
          "line": 9,
          "column": 17
        },
        "end": {
          "line": 94,
          "column": 1
        }
      },
      "1": {
        "start": {
          "line": 15,
          "column": 6
        },
        "end": {
          "line": 15,
          "column": 34
        }
      },
      "2": {
        "start": {
          "line": 17,
          "column": 15
        },
        "end": {
          "line": 17,
          "column": 57
        }
      },
      "3": {
        "start": {
          "line": 17,
          "column": 41
        },
        "end": {
          "line": 17,
          "column": 56
        }
      },
      "4": {
        "start": {
          "line": 18,
          "column": 16
        },
        "end": {
          "line": 18,
          "column": 34
        }
      },
      "5": {
        "start": {
          "line": 19,
          "column": 19
        },
        "end": {
          "line": 19,
          "column": 35
        }
      },
      "6": {
        "start": {
          "line": 20,
          "column": 19
        },
        "end": {
          "line": 20,
          "column": 32
        }
      },
      "7": {
        "start": {
          "line": 22,
          "column": 53
        },
        "end": {
          "line": 37,
          "column": 3
        }
      },
      "8": {
        "start": {
          "line": 23,
          "column": 32
        },
        "end": {
          "line": 23,
          "column": 68
        }
      },
      "9": {
        "start": {
          "line": 24,
          "column": 4
        },
        "end": {
          "line": 36,
          "column": 5
        }
      },
      "10": {
        "start": {
          "line": 25,
          "column": 6
        },
        "end": {
          "line": 25,
          "column": 60
        }
      },
      "11": {
        "start": {
          "line": 26,
          "column": 6
        },
        "end": {
          "line": 26,
          "column": 32
        }
      },
      "12": {
        "start": {
          "line": 27,
          "column": 6
        },
        "end": {
          "line": 27,
          "column": 25
        }
      },
      "13": {
        "start": {
          "line": 29,
          "column": 23
        },
        "end": {
          "line": 29,
          "column": 45
        }
      },
      "14": {
        "start": {
          "line": 30,
          "column": 20
        },
        "end": {
          "line": 30,
          "column": 42
        }
      },
      "15": {
        "start": {
          "line": 31,
          "column": 24
        },
        "end": {
          "line": 31,
          "column": 40
        }
      },
      "16": {
        "start": {
          "line": 32,
          "column": 6
        },
        "end": {
          "line": 35,
          "column": 9
        }
      },
      "17": {
        "start": {
          "line": 38,
          "column": 2
        },
        "end": {
          "line": 93,
          "column": 4
        }
      }
    },
    "fnMap": {
      "0": {
        "name": "(anonymous_0)",
        "decl": {
          "start": {
            "line": 9,
            "column": 17
          },
          "end": {
            "line": 9,
            "column": 18
          }
        },
        "loc": {
          "start": {
            "line": 9,
            "column": 23
          },
          "end": {
            "line": 94,
            "column": 1
          }
        },
        "line": 9
      },
      "1": {
        "name": "(anonymous_1)",
        "decl": {
          "start": {
            "line": 17,
            "column": 30
          },
          "end": {
            "line": 17,
            "column": 31
          }
        },
        "loc": {
          "start": {
            "line": 17,
            "column": 41
          },
          "end": {
            "line": 17,
            "column": 56
          }
        },
        "line": 17
      },
      "2": {
        "name": "(anonymous_2)",
        "decl": {
          "start": {
            "line": 22,
            "column": 53
          },
          "end": {
            "line": 22,
            "column": 54
          }
        },
        "loc": {
          "start": {
            "line": 22,
            "column": 69
          },
          "end": {
            "line": 37,
            "column": 3
          }
        },
        "line": 22
      }
    },
    "branchMap": {
      "0": {
        "loc": {
          "start": {
            "line": 73,
            "column": 13
          },
          "end": {
            "line": 73,
            "column": 49
          }
        },
        "type": "binary-expr",
        "locations": [
          {
            "start": {
              "line": 73,
              "column": 13
            },
            "end": {
              "line": 73,
              "column": 25
            }
          },
          {
            "start": {
              "line": 73,
              "column": 29
            },
            "end": {
              "line": 73,
              "column": 49
            }
          }
        ],
        "line": 73
      }
    },
    "s": {
      "0": 93,
      "1": 0,
      "2": 0,
      "3": 0,
      "4": 0,
      "5": 0,
      "6": 0,
      "7": 0,
      "8": 0,
      "9": 0,
      "10": 0,
      "11": 0,
      "12": 0,
      "13": 0,
      "14": 0,
      "15": 0,
      "16": 0,
      "17": 0
    },
    "f": {
      "0": 0,
      "1": 0,
      "2": 0
    },
    "b": {
      "0": [
        0,
        0
      ]
    },
    "_coverageSchema": "1a1c01bbd47fc00a2c39e90264f33305004495a9",
    "hash": "c79599eeaff33ca6727c0f60d5fddd2225910db8"
  },
  "/home/nikanoza/Desktop/work/folksoul-front-nikanoza/src/pages/EditBand/index.ts": {
    "path": "/home/nikanoza/Desktop/work/folksoul-front-nikanoza/src/pages/EditBand/index.ts",
    "statementMap": {},
    "fnMap": {},
    "branchMap": {},
    "s": {},
    "f": {},
    "b": {},
    "_coverageSchema": "1a1c01bbd47fc00a2c39e90264f33305004495a9",
    "hash": "26fecdb389bc870f2c17621c7ac9bfe73d8a28bb"
  },
  "/home/nikanoza/Desktop/work/folksoul-front-nikanoza/src/pages/index.ts": {
    "path": "/home/nikanoza/Desktop/work/folksoul-front-nikanoza/src/pages/index.ts",
    "statementMap": {},
    "fnMap": {},
    "branchMap": {},
    "s": {},
    "f": {},
    "b": {},
    "_coverageSchema": "1a1c01bbd47fc00a2c39e90264f33305004495a9",
    "hash": "ac0699f78f61befc6621bdb616a028fca830939a"
  },
  "/home/nikanoza/Desktop/work/folksoul-front-nikanoza/src/pages/EditLink/EditLink.tsx": {
    "path": "/home/nikanoza/Desktop/work/folksoul-front-nikanoza/src/pages/EditLink/EditLink.tsx",
    "statementMap": {
      "0": {
        "start": {
          "line": 4,
          "column": 17
        },
        "end": {
          "line": 14,
          "column": 1
        }
      },
      "1": {
        "start": {
          "line": 5,
          "column": 2
        },
        "end": {
          "line": 13,
          "column": 4
        }
      }
    },
    "fnMap": {
      "0": {
        "name": "(anonymous_0)",
        "decl": {
          "start": {
            "line": 4,
            "column": 17
          },
          "end": {
            "line": 4,
            "column": 18
          }
        },
        "loc": {
          "start": {
            "line": 4,
            "column": 23
          },
          "end": {
            "line": 14,
            "column": 1
          }
        },
        "line": 4
      }
    },
    "branchMap": {},
    "s": {
      "0": 93,
      "1": 0
    },
    "f": {
      "0": 0
    },
    "b": {},
    "_coverageSchema": "1a1c01bbd47fc00a2c39e90264f33305004495a9",
    "hash": "6e540487d77c8c185de4889d32a4f6bf2fc6a4a8"
  },
  "/home/nikanoza/Desktop/work/folksoul-front-nikanoza/src/pages/EditLink/index.ts": {
    "path": "/home/nikanoza/Desktop/work/folksoul-front-nikanoza/src/pages/EditLink/index.ts",
    "statementMap": {},
    "fnMap": {},
    "branchMap": {},
    "s": {},
    "f": {},
    "b": {},
    "_coverageSchema": "1a1c01bbd47fc00a2c39e90264f33305004495a9",
    "hash": "21b8726683c5623cda5997213e9bce984df2cddf"
  },
  "/home/nikanoza/Desktop/work/folksoul-front-nikanoza/src/App.tsx": {
    "path": "/home/nikanoza/Desktop/work/folksoul-front-nikanoza/src/App.tsx",
    "statementMap": {
      "0": {
        "start": {
          "line": 20,
          "column": 19
        },
        "end": {
          "line": 20,
          "column": 35
        }
      },
      "1": {
        "start": {
          "line": 22,
          "column": 2
        },
        "end": {
          "line": 25,
          "column": 17
        }
      },
      "2": {
        "start": {
          "line": 23,
          "column": 4
        },
        "end": {
          "line": 23,
          "column": 30
        }
      },
      "3": {
        "start": {
          "line": 24,
          "column": 4
        },
        "end": {
          "line": 24,
          "column": 29
        }
      },
      "4": {
        "start": {
          "line": 26,
          "column": 2
        },
        "end": {
          "line": 42,
          "column": 4
        }
      }
    },
    "fnMap": {
      "0": {
        "name": "App",
        "decl": {
          "start": {
            "line": 19,
            "column": 9
          },
          "end": {
            "line": 19,
            "column": 12
          }
        },
        "loc": {
          "start": {
            "line": 19,
            "column": 15
          },
          "end": {
            "line": 43,
            "column": 1
          }
        },
        "line": 19
      },
      "1": {
        "name": "(anonymous_1)",
        "decl": {
          "start": {
            "line": 22,
            "column": 12
          },
          "end": {
            "line": 22,
            "column": 13
          }
        },
        "loc": {
          "start": {
            "line": 22,
            "column": 18
          },
          "end": {
            "line": 25,
            "column": 3
          }
        },
        "line": 22
      }
    },
    "branchMap": {},
    "s": {
      "0": 186,
      "1": 186,
      "2": 186,
      "3": 186,
      "4": 186
    },
    "f": {
      "0": 186,
      "1": 186
    },
    "b": {},
    "_coverageSchema": "1a1c01bbd47fc00a2c39e90264f33305004495a9",
    "hash": "2f38ac88395170bd163060246d0183f8b26e38ab"
  },
  "/home/nikanoza/Desktop/work/folksoul-front-nikanoza/src/index.tsx": {
    "path": "/home/nikanoza/Desktop/work/folksoul-front-nikanoza/src/index.tsx",
    "statementMap": {
      "0": {
        "start": {
          "line": 9,
          "column": 13
        },
        "end": {
          "line": 11,
          "column": 1
        }
      },
      "1": {
        "start": {
          "line": 12,
          "column": 0
        },
        "end": {
          "line": 20,
          "column": 2
        }
      }
    },
    "fnMap": {},
    "branchMap": {},
    "s": {
      "0": 93,
      "1": 93
    },
    "f": {},
    "b": {},
    "_coverageSchema": "1a1c01bbd47fc00a2c39e90264f33305004495a9",
    "hash": "6a69db7017dfc62c41963f1ae26bc45667bff541"
  }
}